<?xml version="1.0" encoding="UTF-8"?>
<!-- Generated by org.testng.reporters.JUnitReportReporter -->
<testsuite skipped="0" hostname="LAPTOP-1826LOER" name="com.actitime.base.DriverScript" tests="1" failures="0" timestamp="9 Jul 2021 01:07:30 GMT" time="11.026" errors="0">
  <testcase name="initDriver" time="11.026" classname="com.actitime.base.DriverScript"/>
</testsuite> <!-- com.actitime.base.DriverScript -->
