<?xml version="1.0" encoding="UTF-8"?>
<!-- Generated by org.testng.reporters.JUnitReportReporter -->
<testsuite skipped="0" hostname="LAPTOP-1826LOER" name="com.actitime.testcase.CreateCustomerTest" tests="1" failures="0" timestamp="13 Jul 2021 01:11:54 GMT" time="20.810" errors="0">
  <testcase name="testCreateCustomer" time="20.810" classname="com.actitime.testcase.CreateCustomerTest"/>
</testsuite> <!-- com.actitime.testcase.CreateCustomerTest -->
